<?xml version="1.0" encoding="UTF-8"?>
<!-- Generated by org.testng.reporters.JUnitReportReporter -->
<testsuite hostname="SMI146-Sabari" name="com.kaviddiss.bootquartz.ApplicationTest" tests="1" failures="1" timestamp="2 Nov 2016 11:28:22 GMT" time="62.490" errors="0">
  <testcase name="MisfireExample" time="62.490" classname="com.kaviddiss.bootquartz.ApplicationTest">
    <failure type="org.quartz.JobPersistenceException" message="Couldn&#039;t store job: JobDataMap values must be Strings when the &#039;useProperties&#039; property is set.  Key of offending value: ExecutionDelay">
      <![CDATA[org.quartz.JobPersistenceException: Couldn't store job: JobDataMap values must be Strings when the 'useProperties' property is set.  Key of offending value: ExecutionDelay [See nested exception: java.io.IOException: JobDataMap values must be Strings when the 'useProperties' property is set.  Key of offending value: ExecutionDelay]
	at org.quartz.impl.jdbcjobstore.JobStoreSupport.storeJob(JobStoreSupport.java:1115)
	at org.quartz.impl.jdbcjobstore.JobStoreSupport$2.executeVoid(JobStoreSupport.java:1062)
	at org.quartz.impl.jdbcjobstore.JobStoreSupport$VoidTransactionCallback.execute(JobStoreSupport.java:3703)
	at org.quartz.impl.jdbcjobstore.JobStoreSupport$VoidTransactionCallback.execute(JobStoreSupport.java:3701)
	at org.quartz.impl.jdbcjobstore.JobStoreCMT.executeInLock(JobStoreCMT.java:245)
	at org.quartz.impl.jdbcjobstore.JobStoreSupport.storeJobAndTrigger(JobStoreSupport.java:1058)
	at org.quartz.core.QuartzScheduler.scheduleJob(QuartzScheduler.java:886)
	at org.quartz.impl.StdScheduler.scheduleJob(StdScheduler.java:249)
	at com.kaviddiss.bootquartz.examples.example5.MisfireExample.run(MisfireExample.java:81)
	at com.kaviddiss.bootquartz.ApplicationTest.MisfireExample(ApplicationTest.java:70)
	at sun.reflect.NativeMethodAccessorImpl.invoke0(Native Method)
	at sun.reflect.NativeMethodAccessorImpl.invoke(NativeMethodAccessorImpl.java:62)
	at sun.reflect.DelegatingMethodAccessorImpl.invoke(DelegatingMethodAccessorImpl.java:43)
	at java.lang.reflect.Method.invoke(Method.java:498)
	at org.testng.internal.MethodInvocationHelper.invokeMethod(MethodInvocationHelper.java:80)
	at org.testng.internal.MethodInvocationHelper$1.runTestMethod(MethodInvocationHelper.java:182)
	at org.springframework.test.context.testng.AbstractTestNGSpringContextTests.run(AbstractTestNGSpringContextTests.java:171)
	at sun.reflect.NativeMethodAccessorImpl.invoke0(Native Method)
	at sun.reflect.NativeMethodAccessorImpl.invoke(NativeMethodAccessorImpl.java:62)
	at sun.reflect.DelegatingMethodAccessorImpl.invoke(DelegatingMethodAccessorImpl.java:43)
	at java.lang.reflect.Method.invoke(Method.java:498)
	at org.testng.internal.MethodInvocationHelper.invokeHookable(MethodInvocationHelper.java:194)
	at org.testng.internal.Invoker.invokeMethod(Invoker.java:707)
	at org.testng.internal.Invoker.invokeTestMethod(Invoker.java:901)
	at org.testng.internal.Invoker.invokeTestMethods(Invoker.java:1231)
	at org.testng.internal.TestMethodWorker.invokeTestMethods(TestMethodWorker.java:127)
	at org.testng.internal.TestMethodWorker.run(TestMethodWorker.java:111)
	at org.testng.TestRunner.privateRun(TestRunner.java:767)
	at org.testng.TestRunner.run(TestRunner.java:617)
	at org.testng.SuiteRunner.runTest(SuiteRunner.java:334)
	at org.testng.SuiteRunner.runSequentially(SuiteRunner.java:329)
	at org.testng.SuiteRunner.privateRun(SuiteRunner.java:291)
	at org.testng.SuiteRunner.run(SuiteRunner.java:240)
	at org.testng.SuiteRunnerWorker.runSuite(SuiteRunnerWorker.java:52)
	at org.testng.SuiteRunnerWorker.run(SuiteRunnerWorker.java:86)
	at org.testng.TestNG.runSuitesSequentially(TestNG.java:1198)
	at org.testng.TestNG.runSuitesLocally(TestNG.java:1123)
	at org.testng.TestNG.run(TestNG.java:1031)
	at org.testng.remote.AbstractRemoteTestNG.run(AbstractRemoteTestNG.java:126)
	at org.testng.remote.RemoteTestNG.initAndRun(RemoteTestNG.java:137)
	at org.testng.remote.RemoteTestNG.main(RemoteTestNG.java:58)
Caused by: java.io.IOException: JobDataMap values must be Strings when the 'useProperties' property is set.  Key of offending value: ExecutionDelay
	at org.quartz.impl.jdbcjobstore.StdJDBCDelegate.convertToProperty(StdJDBCDelegate.java:3158)
	at org.quartz.impl.jdbcjobstore.StdJDBCDelegate.serializeProperties(StdJDBCDelegate.java:3125)
	at org.quartz.impl.jdbcjobstore.StdJDBCDelegate.serializeJobData(StdJDBCDelegate.java:3077)
	at org.quartz.impl.jdbcjobstore.StdJDBCDelegate.insertJobDetail(StdJDBCDelegate.java:606)
	at org.quartz.impl.jdbcjobstore.JobStoreSupport.storeJob(JobStoreSupport.java:1112)
	... 40 more
]]>
    </failure>
  </testcase> <!-- MisfireExample -->
</testsuite> <!-- com.kaviddiss.bootquartz.ApplicationTest -->
