<?xml version="1.0" encoding="UTF-8"?>
<!-- Generated by org.testng.reporters.JUnitReportReporter -->
<testsuite hostname="SMI146-Sabari" name="com.kaviddiss.bootquartz.ApplicationTest" tests="1" failures="0" timestamp="3 Nov 2016 07:05:29 GMT" time="5.082" errors="0">
  <testcase name="test" time="5.082" classname="com.kaviddiss.bootquartz.ApplicationTest"/>
</testsuite> <!-- com.kaviddiss.bootquartz.ApplicationTest -->
